# JRE version: OpenJDK Runtime Environment Temurin-17.0.9+9 (17.0.9+9) (build 17.0.9+9)
# Java VM: OpenJDK 64-Bit Server VM Temurin-17.0.9+9 (17.0.9+9, mixed mode, tiered, compressed oops, compressed class ptrs, g1 gc, windows-amd64)
GC Precious Log:
 CPUs: 4 total, 4 available
 Memory: 1917M
 Large Page Support: Disabled
 NUMA Support: Disabled
 Compressed Oops: Enabled (32-bit)
 Heap Region Size: 1M
 Heap Min Capacity: 8M
 Heap Initial Capacity: 30M
 Heap Max Capacity: 480M
 Pre-touch: Disabled
 Parallel Workers: 4
 Concurrent Workers: 1
 Concurrent Refinement Workers: 4
 Periodic GC: Disabled
Heap:
 garbage-first heap   total 30720K, used 8200K [0x00000000e2000000, 0x0000000100000000)
  region size 1024K, 4 young (4096K), 2 survivors (2048K)
 Metaspace       used 21616K, committed 21888K, reserved 1114112K
  class space    used 2365K, committed 2496K, reserved 1048576K
GC Heap History (8 events):
Event: 1.601 GC heap before
{Heap before GC invocations=0 (full 0):
 garbage-first heap   total 30720K, used 13312K [0x00000000e2000000, 0x0000000100000000)
  region size 1024K, 13 young (13312K), 0 survivors (0K)
 Metaspace       used 13626K, committed 13760K, reserved 1114112K
  class space    used 1321K, committed 1408K, reserved 1048576K
}
Event: 1.613 GC heap after
{Heap after GC invocations=1 (full 0):
 garbage-first heap   total 30720K, used 4352K [0x00000000e2000000, 0x0000000100000000)
  region size 1024K, 2 young (2048K), 2 survivors (2048K)
 Metaspace       used 13626K, committed 13760K, reserved 1114112K
  class space    used 1321K, committed 1408K, reserved 1048576K
}
Event: 2.580 GC heap before
{Heap before GC invocations=1 (full 0):
 garbage-first heap   total 30720K, used 12544K [0x00000000e2000000, 0x0000000100000000)
  region size 1024K, 11 young (11264K), 2 survivors (2048K)
 Metaspace       used 17486K, committed 17728K, reserved 1114112K
  class space    used 1796K, committed 1920K, reserved 1048576K
}
Event: 2.585 GC heap after
{Heap after GC invocations=2 (full 0):
 garbage-first heap   total 30720K, used 6075K [0x00000000e2000000, 0x0000000100000000)
  region size 1024K, 2 young (2048K), 2 survivors (2048K)
 Metaspace       used 17486K, committed 17728K, reserved 1114112K
  class space    used 1796K, committed 1920K, reserved 1048576K
}
Event: 8.974 GC heap before
{Heap before GC invocations=2 (full 0):
 garbage-first heap   total 30720K, used 15291K [0x00000000e2000000, 0x0000000100000000)
  region size 1024K, 12 young (12288K), 2 survivors (2048K)
 Metaspace       used 20287K, committed 20544K, reserved 1114112K
  class space    used 2196K, committed 2304K, reserved 1048576K
}
Event: 8.980 GC heap after
{Heap after GC invocations=3 (full 0):
 garbage-first heap   total 30720K, used 6703K [0x00000000e2000000, 0x0000000100000000)
  region size 1024K, 1 young (1024K), 1 survivors (1024K)
 Metaspace       used 20287K, committed 20544K, reserved 1114112K
  class space    used 2196K, committed 2304K, reserved 1048576K
}
Event: 9.290 GC heap before
{Heap before GC invocations=3 (full 0):
 garbage-first heap   total 30720K, used 10799K [0x00000000e2000000, 0x0000000100000000)
  region size 1024K, 6 young (6144K), 1 survivors (1024K)
 Metaspace       used 21273K, committed 21504K, reserved 1114112K
  class space    used 2320K, committed 2432K, reserved 1048576K
}
Event: 9.294 GC heap after
{Heap after GC invocations=4 (full 0):
 garbage-first heap   total 30720K, used 7176K [0x00000000e2000000, 0x0000000100000000)
  region size 1024K, 2 young (2048K), 2 survivors (2048K)
 Metaspace       used 21273K, committed 21504K, reserved 1114112K
  class space    used 2320K, committed 2432K, reserved 1048576K
}

