# JRE version: OpenJDK Runtime Environment Temurin-17.0.9+9 (17.0.9+9) (build 17.0.9+9)
# Java VM: OpenJDK 64-Bit Server VM Temurin-17.0.9+9 (17.0.9+9, mixed mode, tiered, compressed oops, compressed class ptrs, g1 gc, windows-amd64)
GC Precious Log:
 CPUs: 4 total, 4 available
 Memory: 1917M
 Large Page Support: Disabled
 NUMA Support: Disabled
 Compressed Oops: Enabled (32-bit)
 Heap Region Size: 1M
 Heap Min Capacity: 8M
 Heap Initial Capacity: 30M
 Heap Max Capacity: 480M
 Pre-touch: Disabled
 Parallel Workers: 4
 Concurrent Workers: 1
 Concurrent Refinement Workers: 4
 Periodic GC: Disabled
Heap:
 garbage-first heap   total 30720K, used 7908K [0x00000000e2000000, 0x0000000100000000)
  region size 1024K, 4 young (4096K), 2 survivors (2048K)
 Metaspace       used 21627K, committed 21888K, reserved 1114112K
  class space    used 2365K, committed 2496K, reserved 1048576K
GC Heap History (8 events):
Event: 1.064 GC heap before
{Heap before GC invocations=0 (full 0):
 garbage-first heap   total 30720K, used 13312K [0x00000000e2000000, 0x0000000100000000)
  region size 1024K, 13 young (13312K), 0 survivors (0K)
 Metaspace       used 13577K, committed 13760K, reserved 1114112K
  class space    used 1316K, committed 1408K, reserved 1048576K
}
Event: 1.082 GC heap after
{Heap after GC invocations=1 (full 0):
 garbage-first heap   total 30720K, used 4606K [0x00000000e2000000, 0x0000000100000000)
  region size 1024K, 2 young (2048K), 2 survivors (2048K)
 Metaspace       used 13577K, committed 13760K, reserved 1114112K
  class space    used 1316K, committed 1408K, reserved 1048576K
}
Event: 2.095 GC heap before
{Heap before GC invocations=1 (full 0):
 garbage-first heap   total 30720K, used 13822K [0x00000000e2000000, 0x0000000100000000)
  region size 1024K, 11 young (11264K), 2 survivors (2048K)
 Metaspace       used 17481K, committed 17728K, reserved 1114112K
  class space    used 1797K, committed 1920K, reserved 1048576K
}
Event: 2.102 GC heap after
{Heap after GC invocations=2 (full 0):
 garbage-first heap   total 30720K, used 5742K [0x00000000e2000000, 0x0000000100000000)
  region size 1024K, 2 young (2048K), 2 survivors (2048K)
 Metaspace       used 17481K, committed 17728K, reserved 1114112K
  class space    used 1797K, committed 1920K, reserved 1048576K
}
Event: 7.564 GC heap before
{Heap before GC invocations=2 (full 0):
 garbage-first heap   total 30720K, used 15982K [0x00000000e2000000, 0x0000000100000000)
  region size 1024K, 12 young (12288K), 2 survivors (2048K)
 Metaspace       used 20288K, committed 20544K, reserved 1114112K
  class space    used 2197K, committed 2304K, reserved 1048576K
}
Event: 7.568 GC heap after
{Heap after GC invocations=3 (full 0):
 garbage-first heap   total 30720K, used 6467K [0x00000000e2000000, 0x0000000100000000)
  region size 1024K, 1 young (1024K), 1 survivors (1024K)
 Metaspace       used 20288K, committed 20544K, reserved 1114112K
  class space    used 2197K, committed 2304K, reserved 1048576K
}
Event: 7.893 GC heap before
{Heap before GC invocations=3 (full 0):
 garbage-first heap   total 30720K, used 10563K [0x00000000e2000000, 0x0000000100000000)
  region size 1024K, 6 young (6144K), 1 survivors (1024K)
 Metaspace       used 21291K, committed 21504K, reserved 1114112K
  class space    used 2321K, committed 2432K, reserved 1048576K
}
Event: 7.897 GC heap after
{Heap after GC invocations=4 (full 0):
 garbage-first heap   total 30720K, used 6884K [0x00000000e2000000, 0x0000000100000000)
  region size 1024K, 2 young (2048K), 2 survivors (2048K)
 Metaspace       used 21291K, committed 21504K, reserved 1114112K
  class space    used 2321K, committed 2432K, reserved 1048576K
}

